D:\dl\waste\test_poubelle.py:238: FutureWarning: `torch.cuda.amp.GradScaler(args...)` is deprecated. Please use `torch.amp.GradScaler('cuda', args...)` instead.
  scaler = GradScaler()
D:\dl\.venv\lib\site-packages\torch\amp\grad_scaler.py:132: UserWarning: torch.cuda.amp.GradScaler is enabled, but CUDA is not available.  Disabling.
  warnings.warn(
D:\dl\.venv\lib\site-packages\torch\nn\functional.py:3244: UserWarning: The operator 'aten::log_sigmoid_forward' is not currently supported on the DML backend and will fall back to run on the CPU. This may have performance implications. (Triggered internally at C:\__w\1\s\pytorch-directml-plugin\torch_directml\csrc\dml\dml_cpu_fallback.cpp:17.)
  return torch.binary_cross_entropy_with_logits(input, target, weight, pos_weight, reduction_enum)
Traceback (most recent call last):
  File "<string>", line 1, in <module>
  File "C:\Users\utilisateur\AppData\Local\Programs\Python\Python310\lib\multiprocessing\spawn.py", line 116, in spawn_main
    exitcode = _main(fd, parent_sentinel)
  File "C:\Users\utilisateur\AppData\Local\Programs\Python\Python310\lib\multiprocessing\spawn.py", line 125, in _main
    prepare(preparation_data)
  File "C:\Users\utilisateur\AppData\Local\Programs\Python\Python310\lib\multiprocessing\spawn.py", line 236, in prepare
    _fixup_main_from_path(data['init_main_from_path'])
  File "C:\Users\utilisateur\AppData\Local\Programs\Python\Python310\lib\multiprocessing\spawn.py", line 287, in _fixup_main_from_path
    main_content = runpy.run_path(main_path,
  File "C:\Users\utilisateur\AppData\Local\Programs\Python\Python310\lib\runpy.py", line 289, in run_path
    return _run_module_code(code, init_globals, run_name,
  File "C:\Users\utilisateur\AppData\Local\Programs\Python\Python310\lib\runpy.py", line 96, in _run_module_code
    _run_code(code, mod_globals, init_globals,
  File "C:\Users\utilisateur\AppData\Local\Programs\Python\Python310\lib\runpy.py", line 86, in _run_code
    exec(code, run_globals)
  File "D:\dl\waste\test_poubelle.py", line 10, in <module>
    from torchvision import datasets, transforms
  File "D:\dl\.venv\lib\site-packages\torchvision\__init__.py", line 10, in <module>
    from torchvision import _meta_registrations, datasets, io, models, ops, transforms, utils  # usort:skip
  File "D:\dl\.venv\lib\site-packages\torchvision\models\__init__.py", line 2, in <module>
    from .convnext import *
  File "D:\dl\.venv\lib\site-packages\torchvision\models\convnext.py", line 8, in <module>
    from ..ops.misc import Conv2dNormActivation, Permute
  File "D:\dl\.venv\lib\site-packages\torchvision\ops\__init__.py", line 1, in <module>
    from ._register_onnx_ops import _register_custom_op
  File "D:\dl\.venv\lib\site-packages\torchvision\ops\_register_onnx_ops.py", line 5, in <module>
    from torch.onnx import symbolic_opset11 as opset11
  File "D:\dl\.venv\lib\site-packages\torch\onnx\__init__.py", line 11, in <module>
    from . import (  # usort:skip. Keep the order instead of sorting lexicographically
  File "D:\dl\.venv\lib\site-packages\torch\onnx\errors.py", line 9, in <module>
    from torch.onnx._internal import diagnostics
  File "D:\dl\.venv\lib\site-packages\torch\onnx\_internal\diagnostics\__init__.py", line 1, in <module>
    from ._diagnostic import (
  File "D:\dl\.venv\lib\site-packages\torch\onnx\_internal\diagnostics\_diagnostic.py", line 12, in <module>
    from torch.onnx._internal.diagnostics import infra
  File "D:\dl\.venv\lib\site-packages\torch\onnx\_internal\diagnostics\infra\__init__.py", line 1, in <module>
    from ._infra import (
  File "D:\dl\.venv\lib\site-packages\torch\onnx\_internal\diagnostics\infra\_infra.py", line 11, in <module>
    from torch.onnx._internal.diagnostics.infra import formatter, sarif
  File "D:\dl\.venv\lib\site-packages\torch\onnx\_internal\diagnostics\infra\formatter.py", line 11, in <module>
    from torch.onnx._internal.diagnostics.infra import sarif
  File "D:\dl\.venv\lib\site-packages\torch\onnx\_internal\diagnostics\infra\sarif\__init__.py", line 18, in <module>
    from torch.onnx._internal.diagnostics.infra.sarif._conversion import Conversion
  File "D:\dl\.venv\lib\site-packages\torch\onnx\_internal\diagnostics\infra\sarif\_conversion.py", line 9, in <module>
    from torch.onnx._internal.diagnostics.infra.sarif import (
ImportError: cannot import name '_tool' from partially initialized module 'torch.onnx._internal.diagnostics.infra.sarif' (most likely due to a circular import) (D:\dl\.venv\lib\site-packages\torch\onnx\_internal\diagnostics\infra\sarif\__init__.py)
